<?xml version="1.0" encoding="UTF-8"?>
<coverage generated="1736104305398" clover="3.2.0">
  <project timestamp="1736104305398" name="All files">
    <metrics statements="109" coveredstatements="99" conditionals="30" coveredconditionals="28" methods="8" coveredmethods="7" elements="147" coveredelements="134" complexity="0" loc="109" ncloc="109" packages="2" files="2" classes="2"/>
    <package name="src">
      <metrics statements="93" coveredstatements="83" conditionals="27" coveredconditionals="25" methods="7" coveredmethods="6"/>
      <file name="App.tsx" path="D:\Source\Tenzies_game\src\App.tsx">
        <metrics statements="93" coveredstatements="83" conditionals="27" coveredconditionals="25" methods="7" coveredmethods="6"/>
        <line num="1" count="1" type="stmt"/>
        <line num="7" count="21" type="cond" truecount="1" falsecount="0"/>
        <line num="8" count="21" type="stmt"/>
        <line num="9" count="21" type="stmt"/>
        <line num="10" count="21" type="stmt"/>
        <line num="11" count="21" type="stmt"/>
        <line num="12" count="21" type="stmt"/>
        <line num="14" count="21" type="cond" truecount="1" falsecount="0"/>
        <line num="15" count="1" type="stmt"/>
        <line num="16" count="1" type="stmt"/>
        <line num="18" count="21" type="cond" truecount="1" falsecount="0"/>
        <line num="19" count="20" type="cond" truecount="1" falsecount="0"/>
        <line num="20" count="20" type="stmt"/>
        <line num="21" count="20" type="cond" truecount="1" falsecount="0"/>
        <line num="23" count="20" type="cond" truecount="2" falsecount="0"/>
        <line num="24" count="1" type="stmt"/>
        <line num="25" count="1" type="stmt"/>
        <line num="26" count="1" type="stmt"/>
        <line num="27" count="1" type="stmt"/>
        <line num="28" count="1" type="stmt"/>
        <line num="29" count="1" type="stmt"/>
        <line num="30" count="21" type="stmt"/>
        <line num="32" count="21" type="cond" truecount="1" falsecount="0"/>
        <line num="33" count="260" type="stmt"/>
        <line num="34" count="260" type="stmt"/>
        <line num="35" count="260" type="stmt"/>
        <line num="36" count="260" type="stmt"/>
        <line num="37" count="260" type="stmt"/>
        <line num="38" count="260" type="stmt"/>
        <line num="40" count="21" type="cond" truecount="1" falsecount="0"/>
        <line num="41" count="21" type="stmt"/>
        <line num="42" count="21" type="cond" truecount="1" falsecount="0"/>
        <line num="43" count="210" type="stmt"/>
        <line num="44" count="210" type="stmt"/>
        <line num="45" count="21" type="stmt"/>
        <line num="46" count="21" type="stmt"/>
        <line num="48" count="21" type="cond" truecount="1" falsecount="0"/>
        <line num="49" count="10" type="cond" truecount="2" falsecount="0"/>
        <line num="50" count="100" type="cond" truecount="1" falsecount="0"/>
        <line num="51" count="10" type="cond" truecount="1" falsecount="0"/>
        <line num="52" count="90" type="stmt"/>
        <line num="53" count="10" type="stmt"/>
        <line num="54" count="10" type="stmt"/>
        <line num="56" count="21" type="cond" truecount="1" falsecount="0"/>
        <line num="57" count="5" type="stmt"/>
        <line num="58" count="5" type="cond" truecount="2" falsecount="0"/>
        <line num="59" count="50" type="cond" truecount="0" falsecount="1"/>
        <line num="60" count="0" type="stmt"/>
        <line num="61" count="50" type="stmt"/>
        <line num="62" count="5" type="stmt"/>
        <line num="63" count="5" type="stmt"/>
        <line num="64" count="5" type="cond" truecount="0" falsecount="1"/>
        <line num="65" count="0" type="stmt"/>
        <line num="66" count="0" type="stmt"/>
        <line num="67" count="0" type="stmt"/>
        <line num="68" count="0" type="stmt"/>
        <line num="69" count="0" type="stmt"/>
        <line num="70" count="5" type="stmt"/>
        <line num="72" count="21" type="stmt"/>
        <line num="73" count="0" type="stmt"/>
        <line num="74" count="0" type="stmt"/>
        <line num="75" count="0" type="stmt"/>
        <line num="76" count="0" type="stmt"/>
        <line num="78" count="21" type="cond" truecount="1" falsecount="0"/>
        <line num="79" count="210" type="stmt"/>
        <line num="80" count="210" type="stmt"/>
        <line num="81" count="210" type="stmt"/>
        <line num="82" count="210" type="stmt"/>
        <line num="83" count="210" type="stmt"/>
        <line num="84" count="210" type="cond" truecount="1" falsecount="0"/>
        <line num="85" count="210" type="stmt"/>
        <line num="86" count="21" type="stmt"/>
        <line num="88" count="21" type="stmt"/>
        <line num="89" count="21" type="stmt"/>
        <line num="90" count="21" type="cond" truecount="1" falsecount="0"/>
        <line num="91" count="21" type="stmt"/>
        <line num="92" count="21" type="stmt"/>
        <line num="95" count="21" type="stmt"/>
        <line num="96" count="21" type="stmt"/>
        <line num="97" count="21" type="stmt"/>
        <line num="98" count="21" type="cond" truecount="2" falsecount="0"/>
        <line num="99" count="21" type="stmt"/>
        <line num="100" count="21" type="stmt"/>
        <line num="101" count="21" type="stmt"/>
        <line num="102" count="21" type="stmt"/>
        <line num="103" count="21" type="stmt"/>
        <line num="104" count="21" type="stmt"/>
        <line num="105" count="21" type="stmt"/>
        <line num="106" count="21" type="stmt"/>
        <line num="107" count="21" type="cond" truecount="2" falsecount="0"/>
        <line num="108" count="21" type="stmt"/>
        <line num="109" count="21" type="stmt"/>
        <line num="111" count="21" type="stmt"/>
      </file>
    </package>
    <package name="src.Components">
      <metrics statements="16" coveredstatements="16" conditionals="3" coveredconditionals="3" methods="1" coveredmethods="1"/>
      <file name="Die.tsx" path="D:\Source\Tenzies_game\src\Components\Die.tsx">
        <metrics statements="16" coveredstatements="16" conditionals="3" coveredconditionals="3" methods="1" coveredmethods="1"/>
        <line num="1" count="1" type="stmt"/>
        <line num="3" count="210" type="cond" truecount="1" falsecount="0"/>
        <line num="4" count="210" type="stmt"/>
        <line num="5" count="210" type="cond" truecount="2" falsecount="0"/>
        <line num="6" count="210" type="stmt"/>
        <line num="8" count="210" type="stmt"/>
        <line num="9" count="210" type="stmt"/>
        <line num="10" count="210" type="stmt"/>
        <line num="11" count="210" type="stmt"/>
        <line num="12" count="210" type="stmt"/>
        <line num="13" count="210" type="stmt"/>
        <line num="15" count="210" type="stmt"/>
        <line num="16" count="210" type="stmt"/>
        <line num="17" count="210" type="stmt"/>
        <line num="18" count="210" type="stmt"/>
        <line num="20" count="210" type="stmt"/>
      </file>
    </package>
  </project>
</coverage>
