{"D:\\Source\\Tenzies_game\\src\\App.tsx": {"path":"D:\\Source\\Tenzies_game\\src\\App.tsx","all":false,"statementMap":{"0":{"start":{"line":1,"column":0},"end":{"line":1,"column":25}},"6":{"start":{"line":7,"column":0},"end":{"line":7,"column":31}},"7":{"start":{"line":8,"column":0},"end":{"line":8,"column":64}},"8":{"start":{"line":9,"column":0},"end":{"line":9,"column":69}},"9":{"start":{"line":10,"column":0},"end":{"line":10,"column":64}},"10":{"start":{"line":11,"column":0},"end":{"line":11,"column":62}},"11":{"start":{"line":12,"column":0},"end":{"line":12,"column":36}},"13":{"start":{"line":14,"column":0},"end":{"line":14,"column":22}},"14":{"start":{"line":15,"column":0},"end":{"line":15,"column":46}},"15":{"start":{"line":16,"column":0},"end":{"line":16,"column":5}},"17":{"start":{"line":18,"column":0},"end":{"line":18,"column":27}},"18":{"start":{"line":19,"column":0},"end":{"line":19,"column":53}},"19":{"start":{"line":20,"column":0},"end":{"line":20,"column":40}},"20":{"start":{"line":21,"column":0},"end":{"line":21,"column":72}},"22":{"start":{"line":23,"column":0},"end":{"line":23,"column":38}},"23":{"start":{"line":24,"column":0},"end":{"line":24,"column":28}},"24":{"start":{"line":25,"column":0},"end":{"line":25,"column":73}},"25":{"start":{"line":26,"column":0},"end":{"line":26,"column":47}},"26":{"start":{"line":27,"column":0},"end":{"line":27,"column":81}},"27":{"start":{"line":28,"column":0},"end":{"line":28,"column":13}},"28":{"start":{"line":29,"column":0},"end":{"line":29,"column":9}},"29":{"start":{"line":30,"column":0},"end":{"line":30,"column":14}},"31":{"start":{"line":32,"column":0},"end":{"line":32,"column":31}},"32":{"start":{"line":33,"column":0},"end":{"line":33,"column":16}},"33":{"start":{"line":34,"column":0},"end":{"line":34,"column":48}},"34":{"start":{"line":35,"column":0},"end":{"line":35,"column":26}},"35":{"start":{"line":36,"column":0},"end":{"line":36,"column":24}},"36":{"start":{"line":37,"column":0},"end":{"line":37,"column":9}},"37":{"start":{"line":38,"column":0},"end":{"line":38,"column":5}},"39":{"start":{"line":40,"column":0},"end":{"line":40,"column":27}},"40":{"start":{"line":41,"column":0},"end":{"line":41,"column":34}},"41":{"start":{"line":42,"column":0},"end":{"line":42,"column":38}},"42":{"start":{"line":43,"column":0},"end":{"line":43,"column":42}},"43":{"start":{"line":44,"column":0},"end":{"line":44,"column":9}},"44":{"start":{"line":45,"column":0},"end":{"line":45,"column":22}},"45":{"start":{"line":46,"column":0},"end":{"line":46,"column":5}},"47":{"start":{"line":48,"column":0},"end":{"line":48,"column":39}},"48":{"start":{"line":49,"column":0},"end":{"line":49,"column":47}},"49":{"start":{"line":50,"column":0},"end":{"line":50,"column":35}},"50":{"start":{"line":51,"column":0},"end":{"line":51,"column":47}},"51":{"start":{"line":52,"column":0},"end":{"line":52,"column":19}},"52":{"start":{"line":53,"column":0},"end":{"line":53,"column":11}},"53":{"start":{"line":54,"column":0},"end":{"line":54,"column":5}},"55":{"start":{"line":56,"column":0},"end":{"line":56,"column":25}},"56":{"start":{"line":57,"column":0},"end":{"line":57,"column":22}},"57":{"start":{"line":58,"column":0},"end":{"line":58,"column":51}},"58":{"start":{"line":59,"column":0},"end":{"line":59,"column":36}},"59":{"start":{"line":60,"column":0},"end":{"line":60,"column":25}},"60":{"start":{"line":61,"column":0},"end":{"line":61,"column":36}},"61":{"start":{"line":62,"column":0},"end":{"line":62,"column":15}},"62":{"start":{"line":63,"column":0},"end":{"line":63,"column":45}},"63":{"start":{"line":64,"column":0},"end":{"line":64,"column":16}},"64":{"start":{"line":65,"column":0},"end":{"line":65,"column":29}},"65":{"start":{"line":66,"column":0},"end":{"line":66,"column":33}},"66":{"start":{"line":67,"column":0},"end":{"line":67,"column":30}},"67":{"start":{"line":68,"column":0},"end":{"line":68,"column":79}},"68":{"start":{"line":69,"column":0},"end":{"line":69,"column":9}},"69":{"start":{"line":70,"column":0},"end":{"line":70,"column":5}},"71":{"start":{"line":72,"column":0},"end":{"line":72,"column":28}},"72":{"start":{"line":73,"column":0},"end":{"line":73,"column":25}},"73":{"start":{"line":74,"column":0},"end":{"line":74,"column":29}},"74":{"start":{"line":75,"column":0},"end":{"line":75,"column":26}},"75":{"start":{"line":76,"column":0},"end":{"line":76,"column":5}},"77":{"start":{"line":78,"column":0},"end":{"line":78,"column":38}},"78":{"start":{"line":79,"column":0},"end":{"line":79,"column":12}},"79":{"start":{"line":80,"column":0},"end":{"line":80,"column":24}},"80":{"start":{"line":81,"column":0},"end":{"line":81,"column":23}},"81":{"start":{"line":82,"column":0},"end":{"line":82,"column":29}},"82":{"start":{"line":83,"column":0},"end":{"line":83,"column":31}},"83":{"start":{"line":84,"column":0},"end":{"line":84,"column":45}},"84":{"start":{"line":85,"column":0},"end":{"line":85,"column":10}},"85":{"start":{"line":86,"column":0},"end":{"line":86,"column":5}},"87":{"start":{"line":88,"column":0},"end":{"line":88,"column":12}},"88":{"start":{"line":89,"column":0},"end":{"line":89,"column":14}},"89":{"start":{"line":90,"column":0},"end":{"line":90,"column":37}},"90":{"start":{"line":91,"column":0},"end":{"line":91,"column":46}},"91":{"start":{"line":92,"column":0},"end":{"line":92,"column":40}},"94":{"start":{"line":95,"column":0},"end":{"line":95,"column":16}},"95":{"start":{"line":96,"column":0},"end":{"line":96,"column":35}},"96":{"start":{"line":97,"column":0},"end":{"line":97,"column":19}},"97":{"start":{"line":98,"column":0},"end":{"line":98,"column":76}},"98":{"start":{"line":99,"column":0},"end":{"line":99,"column":20}},"99":{"start":{"line":100,"column":0},"end":{"line":100,"column":19}},"100":{"start":{"line":101,"column":0},"end":{"line":101,"column":59}},"101":{"start":{"line":102,"column":0},"end":{"line":102,"column":20}},"102":{"start":{"line":103,"column":0},"end":{"line":103,"column":18}},"103":{"start":{"line":104,"column":0},"end":{"line":104,"column":73}},"104":{"start":{"line":105,"column":0},"end":{"line":105,"column":30}},"105":{"start":{"line":106,"column":0},"end":{"line":106,"column":18}},"106":{"start":{"line":107,"column":0},"end":{"line":107,"column":101}},"107":{"start":{"line":108,"column":0},"end":{"line":108,"column":83}},"108":{"start":{"line":109,"column":0},"end":{"line":109,"column":15}},"110":{"start":{"line":111,"column":0},"end":{"line":111,"column":1}}},"s":{"0":1,"6":21,"7":21,"8":21,"9":21,"10":21,"11":21,"13":21,"14":1,"15":1,"17":21,"18":20,"19":20,"20":20,"22":20,"23":1,"24":1,"25":1,"26":1,"27":1,"28":1,"29":21,"31":21,"32":260,"33":260,"34":260,"35":260,"36":260,"37":260,"39":21,"40":21,"41":21,"42":210,"43":210,"44":21,"45":21,"47":21,"48":10,"49":100,"50":10,"51":90,"52":10,"53":10,"55":21,"56":5,"57":5,"58":50,"59":0,"60":50,"61":5,"62":5,"63":5,"64":0,"65":0,"66":0,"67":0,"68":0,"69":5,"71":21,"72":0,"73":0,"74":0,"75":0,"77":21,"78":210,"79":210,"80":210,"81":210,"82":210,"83":210,"84":210,"85":21,"87":21,"88":21,"89":21,"90":21,"91":21,"94":21,"95":21,"96":21,"97":21,"98":21,"99":21,"100":21,"101":21,"102":21,"103":21,"104":21,"105":21,"106":21,"107":21,"108":21,"110":21},"branchMap":{"0":{"type":"branch","line":7,"loc":{"start":{"line":7,"column":0},"end":{"line":111,"column":1}},"locations":[{"start":{"line":7,"column":0},"end":{"line":111,"column":1}}]},"1":{"type":"branch","line":14,"loc":{"start":{"line":14,"column":21},"end":{"line":16,"column":5}},"locations":[{"start":{"line":14,"column":21},"end":{"line":16,"column":5}}]},"2":{"type":"branch","line":90,"loc":{"start":{"line":90,"column":13},"end":{"line":90,"column":37}},"locations":[{"start":{"line":90,"column":13},"end":{"line":90,"column":37}}]},"3":{"type":"branch","line":98,"loc":{"start":{"line":98,"column":50},"end":{"line":98,"column":59}},"locations":[{"start":{"line":98,"column":50},"end":{"line":98,"column":59}}]},"4":{"type":"branch","line":98,"loc":{"start":{"line":98,"column":54},"end":{"line":98,"column":76}},"locations":[{"start":{"line":98,"column":54},"end":{"line":98,"column":76}}]},"5":{"type":"branch","line":107,"loc":{"start":{"line":107,"column":62},"end":{"line":107,"column":85}},"locations":[{"start":{"line":107,"column":62},"end":{"line":107,"column":85}}]},"6":{"type":"branch","line":107,"loc":{"start":{"line":107,"column":72},"end":{"line":107,"column":92}},"locations":[{"start":{"line":107,"column":72},"end":{"line":107,"column":92}}]},"7":{"type":"branch","line":18,"loc":{"start":{"line":18,"column":20},"end":{"line":30,"column":7}},"locations":[{"start":{"line":18,"column":20},"end":{"line":30,"column":7}}]},"8":{"type":"branch","line":23,"loc":{"start":{"line":23,"column":12},"end":{"line":23,"column":37}},"locations":[{"start":{"line":23,"column":12},"end":{"line":23,"column":37}}]},"9":{"type":"branch","line":23,"loc":{"start":{"line":23,"column":37},"end":{"line":29,"column":9}},"locations":[{"start":{"line":23,"column":37},"end":{"line":29,"column":9}}]},"10":{"type":"branch","line":19,"loc":{"start":{"line":19,"column":35},"end":{"line":19,"column":52}},"locations":[{"start":{"line":19,"column":35},"end":{"line":19,"column":52}}]},"11":{"type":"branch","line":21,"loc":{"start":{"line":21,"column":40},"end":{"line":21,"column":71}},"locations":[{"start":{"line":21,"column":40},"end":{"line":21,"column":71}}]},"12":{"type":"branch","line":32,"loc":{"start":{"line":32,"column":4},"end":{"line":38,"column":5}},"locations":[{"start":{"line":32,"column":4},"end":{"line":38,"column":5}}]},"13":{"type":"branch","line":40,"loc":{"start":{"line":40,"column":4},"end":{"line":46,"column":5}},"locations":[{"start":{"line":40,"column":4},"end":{"line":46,"column":5}}]},"14":{"type":"branch","line":42,"loc":{"start":{"line":42,"column":37},"end":{"line":44,"column":9}},"locations":[{"start":{"line":42,"column":37},"end":{"line":44,"column":9}}]},"15":{"type":"branch","line":48,"loc":{"start":{"line":48,"column":4},"end":{"line":54,"column":5}},"locations":[{"start":{"line":48,"column":4},"end":{"line":54,"column":5}}]},"16":{"type":"branch","line":49,"loc":{"start":{"line":49,"column":16},"end":{"line":53,"column":10}},"locations":[{"start":{"line":49,"column":16},"end":{"line":53,"column":10}}]},"17":{"type":"branch","line":49,"loc":{"start":{"line":49,"column":39},"end":{"line":53,"column":9}},"locations":[{"start":{"line":49,"column":39},"end":{"line":53,"column":9}}]},"18":{"type":"branch","line":50,"loc":{"start":{"line":50,"column":30},"end":{"line":51,"column":47}},"locations":[{"start":{"line":50,"column":30},"end":{"line":51,"column":47}}]},"19":{"type":"branch","line":51,"loc":{"start":{"line":51,"column":44},"end":{"line":52,"column":19}},"locations":[{"start":{"line":51,"column":44},"end":{"line":52,"column":19}}]},"20":{"type":"branch","line":56,"loc":{"start":{"line":56,"column":4},"end":{"line":70,"column":5}},"locations":[{"start":{"line":56,"column":4},"end":{"line":70,"column":5}}]},"21":{"type":"branch","line":64,"loc":{"start":{"line":64,"column":8},"end":{"line":69,"column":9}},"locations":[{"start":{"line":64,"column":8},"end":{"line":69,"column":9}}]},"22":{"type":"branch","line":58,"loc":{"start":{"line":58,"column":20},"end":{"line":62,"column":14}},"locations":[{"start":{"line":58,"column":20},"end":{"line":62,"column":14}}]},"23":{"type":"branch","line":58,"loc":{"start":{"line":58,"column":43},"end":{"line":62,"column":13}},"locations":[{"start":{"line":58,"column":43},"end":{"line":62,"column":13}}]},"24":{"type":"branch","line":59,"loc":{"start":{"line":59,"column":27},"end":{"line":60,"column":25}},"locations":[{"start":{"line":59,"column":27},"end":{"line":60,"column":25}}]},"25":{"type":"branch","line":78,"loc":{"start":{"line":78,"column":32},"end":{"line":85,"column":10}},"locations":[{"start":{"line":78,"column":32},"end":{"line":85,"column":10}}]},"26":{"type":"branch","line":84,"loc":{"start":{"line":84,"column":22},"end":{"line":84,"column":45}},"locations":[{"start":{"line":84,"column":22},"end":{"line":84,"column":45}}]}},"b":{"0":[21],"1":[1],"2":[1],"3":[20],"4":[1],"5":[1],"6":[20],"7":[20],"8":[1],"9":[1],"10":[74],"11":[152],"12":[260],"13":[21],"14":[210],"15":[10],"16":[10],"17":[100],"18":[10],"19":[90],"20":[5],"21":[0],"22":[5],"23":[50],"24":[0],"25":[210],"26":[10]},"fnMap":{"0":{"name":"App","decl":{"start":{"line":7,"column":0},"end":{"line":111,"column":1}},"loc":{"start":{"line":7,"column":0},"end":{"line":111,"column":1}},"line":7},"1":{"name":"generateNewDie","decl":{"start":{"line":32,"column":4},"end":{"line":38,"column":5}},"loc":{"start":{"line":32,"column":4},"end":{"line":38,"column":5}},"line":32},"2":{"name":"allNewDice","decl":{"start":{"line":40,"column":4},"end":{"line":46,"column":5}},"loc":{"start":{"line":40,"column":4},"end":{"line":46,"column":5}},"line":40},"3":{"name":"holdDice","decl":{"start":{"line":48,"column":4},"end":{"line":54,"column":5}},"loc":{"start":{"line":48,"column":4},"end":{"line":54,"column":5}},"line":48},"4":{"name":"rollDice","decl":{"start":{"line":56,"column":4},"end":{"line":70,"column":5}},"loc":{"start":{"line":56,"column":4},"end":{"line":70,"column":5}},"line":56},"5":{"name":"restartGame","decl":{"start":{"line":72,"column":4},"end":{"line":76,"column":5}},"loc":{"start":{"line":72,"column":4},"end":{"line":76,"column":5}},"line":72},"6":{"name":"holdDice","decl":{"start":{"line":84,"column":22},"end":{"line":84,"column":45}},"loc":{"start":{"line":84,"column":22},"end":{"line":84,"column":45}},"line":84}},"f":{"0":21,"1":260,"2":21,"3":10,"4":5,"5":0,"6":10}}
,"D:\\Source\\Tenzies_game\\src\\Components\\Die.tsx": {"path":"D:\\Source\\Tenzies_game\\src\\Components\\Die.tsx","all":false,"statementMap":{"0":{"start":{"line":1,"column":0},"end":{"line":1,"column":38}},"2":{"start":{"line":3,"column":0},"end":{"line":3,"column":46}},"3":{"start":{"line":4,"column":0},"end":{"line":4,"column":20}},"4":{"start":{"line":5,"column":0},"end":{"line":5,"column":61}},"5":{"start":{"line":6,"column":0},"end":{"line":6,"column":5}},"7":{"start":{"line":8,"column":0},"end":{"line":8,"column":12}},"8":{"start":{"line":9,"column":0},"end":{"line":9,"column":12}},"9":{"start":{"line":10,"column":0},"end":{"line":10,"column":29}},"10":{"start":{"line":11,"column":0},"end":{"line":11,"column":32}},"11":{"start":{"line":12,"column":0},"end":{"line":12,"column":26}},"12":{"start":{"line":13,"column":0},"end":{"line":13,"column":36}},"14":{"start":{"line":15,"column":0},"end":{"line":15,"column":36}},"15":{"start":{"line":16,"column":0},"end":{"line":16,"column":29}},"16":{"start":{"line":17,"column":0},"end":{"line":17,"column":17}},"17":{"start":{"line":18,"column":0},"end":{"line":18,"column":14}},"19":{"start":{"line":20,"column":0},"end":{"line":20,"column":1}}},"s":{"0":1,"2":210,"3":210,"4":210,"5":210,"7":210,"8":210,"9":210,"10":210,"11":210,"12":210,"14":210,"15":210,"16":210,"17":210,"19":210},"branchMap":{"0":{"type":"branch","line":3,"loc":{"start":{"line":3,"column":0},"end":{"line":20,"column":1}},"locations":[{"start":{"line":3,"column":0},"end":{"line":20,"column":1}}]},"1":{"type":"branch","line":5,"loc":{"start":{"line":5,"column":32},"end":{"line":5,"column":53}},"locations":[{"start":{"line":5,"column":32},"end":{"line":5,"column":53}}]},"2":{"type":"branch","line":5,"loc":{"start":{"line":5,"column":41},"end":{"line":5,"column":61}},"locations":[{"start":{"line":5,"column":41},"end":{"line":5,"column":61}}]}},"b":{"0":[210],"1":[65],"2":[145]},"fnMap":{"0":{"name":"Die","decl":{"start":{"line":3,"column":0},"end":{"line":20,"column":1}},"loc":{"start":{"line":3,"column":0},"end":{"line":20,"column":1}},"line":3}},"f":{"0":210}}
}
